

Microchip MPLAB XC8 Assembler V3.00 build 20241204225717 
                                                                                               Thu Dec 25 22:48:42 2025

Microchip MPLAB XC8 C Compiler v3.00 (Free license) build 20241204225717 Og1 
     1                           	processor	16F84A
     2                           	pagewidth 120
     3                           	opt	flic
     4                           	psect	idataBANK0,global,class=CODE,space=0,delta=2,noexec
     5                           	psect	cinit,global,class=CODE,space=0,merge=1,delta=2
     6                           	psect	dataBANK0,global,class=BANK0,space=1,delta=1,noexec
     7                           	psect	cstackBANK0,global,class=BANK0,space=1,delta=1,noexec
     8                           	psect	maintext,global,class=CODE,space=0,split=1,delta=2
     9                           	psect	config,global,abs,ovrld,class=CONFIG,space=4,delta=2,noexec
    10                           	dabs	1,0x4E,2
    11     0000                     
    12                           ; Generated 12/10/2023 GMT
    13                           ; 
    14                           ; Copyright © 2023, Microchip Technology Inc. and its subsidiaries ("Microchip")
    15                           ; All rights reserved.
    16                           ; 
    17                           ; This software is developed by Microchip Technology Inc. and its subsidiaries ("Microch
      +                          ip").
    18                           ; 
    19                           ; Redistribution and use in source and binary forms, with or without modification, are
    20                           ; permitted provided that the following conditions are met:
    21                           ; 
    22                           ;     1. Redistributions of source code must retain the above copyright notice, this lis
      +                          t of
    23                           ;        conditions and the following disclaimer.
    24                           ; 
    25                           ;     2. Redistributions in binary form must reproduce the above copyright notice, this 
      +                          list
    26                           ;        of conditions and the following disclaimer in the documentation and/or other
    27                           ;        materials provided with the distribution. Publication is not required when
    28                           ;        this file is used in an embedded application.
    29                           ; 
    30                           ;     3. Microchip's name may not be used to endorse or promote products derived from th
      +                          is
    31                           ;        software without specific prior written permission.
    32                           ; 
    33                           ; THIS SOFTWARE IS PROVIDED BY MICROCHIP "AS IS" AND ANY EXPRESS OR IMPLIED WARRANTIES,
    34                           ; INCLUDING, BUT NOT LIMITED TO, THE IMPLIED WARRANTIES OF MERCHANTABILITY AND FITNESS F
      +                          OR
    35                           ; PURPOSE ARE DISCLAIMED.  IN NO EVENT SHALL MICROCHIP BE LIABLE FOR ANY DIRECT, INDIREC
      +                          T,
    36                           ; INCIDENTAL, SPECIAL, EXEMPLARY, OR CONSEQUENTIAL DAMAGES (INCLUDING BUT NOT LIMITED TO
    37                           ; PROCUREMENT OF SUBSTITUTE GOODS OR SERVICES; LOSS OF USE, DATA OR PROFITS; OR BUSINESS
    38                           ; INTERRUPTION) HOWSOEVER CAUSED AND ON ANY THEORY OF LIABILITY, WHETHER IN CONTRACT, ST
      +                          RICT
    39                           ; LIABILITY, OR TORT (INCLUDING NEGLIGENCE OR OTHERWISE) ARISING IN ANY WAY OUT OF THE U
      +                          SE OF
    40                           ; THIS SOFTWARE, EVEN IF ADVISED OF THE POSSIBILITY OF SUCH DAMAGE.
    41                           ; 
    42                           ; 
    43                           ; Code-generator required, PIC16F84A Definitions
    44                           ; 
    45                           ; SFR Addresses
    46     0004                     fsr             equ	4
    47     0004                     fsr0            equ	4
    48     0000                     indf            equ	0
    49     0000                     indf0           equ	0
    50     0002                     pc              equ	2
    51     0002                     pcl             equ	2
    52     000A                     pclath          equ	10
    53     0003                     status          equ	3
    54     0000                     INDF            equ	0	;# 
    55     0001                     TMR0            equ	1	;# 
    56     0002                     PCL             equ	2	;# 
    57     0003                     STATUS          equ	3	;# 
    58     0004                     FSR             equ	4	;# 
    59     0005                     PORTA           equ	5	;# 
    60     0006                     PORTB           equ	6	;# 
    61     0008                     EEDATA          equ	8	;# 
    62     0009                     EEADR           equ	9	;# 
    63     000A                     PCLATH          equ	10	;# 
    64     000B                     INTCON          equ	11	;# 
    65     0081                     OPTION_REG      equ	129	;# 
    66     0085                     TRISA           equ	133	;# 
    67     0086                     TRISB           equ	134	;# 
    68     0088                     EECON1          equ	136	;# 
    69     0089                     EECON2          equ	137	;# 
    70     0000                     INDF            equ	0	;# 
    71     0001                     TMR0            equ	1	;# 
    72     0002                     PCL             equ	2	;# 
    73     0003                     STATUS          equ	3	;# 
    74     0004                     FSR             equ	4	;# 
    75     0005                     PORTA           equ	5	;# 
    76     0006                     PORTB           equ	6	;# 
    77     0008                     EEDATA          equ	8	;# 
    78     0009                     EEADR           equ	9	;# 
    79     000A                     PCLATH          equ	10	;# 
    80     000B                     INTCON          equ	11	;# 
    81     0081                     OPTION_REG      equ	129	;# 
    82     0085                     TRISA           equ	133	;# 
    83     0086                     TRISB           equ	134	;# 
    84     0088                     EECON1          equ	136	;# 
    85     0089                     EECON2          equ	137	;# 
    86                           
    87                           	psect	idataBANK0
    88     03B8                     __pidataBANK0:
    89                           
    90                           ;initializer for _digits
    91     03B8  341F               	retlw	31
    92     03B9  3400               	retlw	0
    93     03BA  3406               	retlw	6
    94     03BB  3400               	retlw	0
    95     03BC  345B               	retlw	91
    96     03BD  3400               	retlw	0
    97     03BE  348F               	retlw	143
    98     03BF  3400               	retlw	0
    99     0006                     _PORTB          set	6
   100     0086                     _TRISB          set	134
   101     0085                     _TRISA          set	133
   102                           
   103                           	psect	cinit
   104     03EE                     start_initialization:	
   105                           ; #config settings
   106                           
   107     03EE                     __initialization:
   108                           
   109                           ; Initialize objects allocated to BANK0
   110     03EE  23B8               	fcall	__pidataBANK0	;fetch initializer
   111     03EF  008C               	movwf	__pdataBANK0& (0+127)
   112     03F0  23B9               	fcall	__pidataBANK0+1	;fetch initializer
   113     03F1  008D               	movwf	(__pdataBANK0+1)& (0+127)
   114     03F2  23BA               	fcall	__pidataBANK0+2	;fetch initializer
   115     03F3  008E               	movwf	(__pdataBANK0+2)& (0+127)
   116     03F4  23BB               	fcall	__pidataBANK0+3	;fetch initializer
   117     03F5  008F               	movwf	(__pdataBANK0+3)& (0+127)
   118     03F6  23BC               	fcall	__pidataBANK0+4	;fetch initializer
   119     03F7  0090               	movwf	(__pdataBANK0+4)& (0+127)
   120     03F8  23BD               	fcall	__pidataBANK0+5	;fetch initializer
   121     03F9  0091               	movwf	(__pdataBANK0+5)& (0+127)
   122     03FA  23BE               	fcall	__pidataBANK0+6	;fetch initializer
   123     03FB  0092               	movwf	(__pdataBANK0+6)& (0+127)
   124     03FC  23BF               	fcall	__pidataBANK0+7	;fetch initializer
   125     03FD  0093               	movwf	(__pdataBANK0+7)& (0+127)
   126     03FE                     end_of_initialization:	
   127                           ;End of C runtime variable initialization code
   128                           
   129     03FE                     __end_of__initialization:
   130     03FE  0183               	clrf	3
   131     03FF  2BC0               	ljmp	_main	;jump to C main() function
   132                           
   133                           	psect	dataBANK0
   134     000C                     __pdataBANK0:
   135     000C                     _digits:
   136     000C                     	ds	8
   137                           
   138                           	psect	cstackBANK0
   139     0014                     __pcstackBANK0:
   140     0014                     ?_main:
   141     0014                     ??_main:	
   142                           ; 1 bytes @ 0x0
   143                           
   144                           
   145                           ; 1 bytes @ 0x0
   146     0014                     	ds	2
   147     0016                     main@i:
   148                           
   149                           ; 2 bytes @ 0x2
   150     0016                     	ds	2
   151                           
   152                           	psect	maintext
   153     03C0                     __pmaintext:	
   154 ;;
   155 ;;Main: autosize = 0, tempsize = 2, incstack = 0, save=0
   156 ;;
   157 ;; *************** function _main *****************
   158 ;; Defined at:
   159 ;;		line 13 in file "7segmentdisplay.c"
   160 ;; Parameters:    Size  Location     Type
   161 ;;		None
   162 ;; Auto vars:     Size  Location     Type
   163 ;;  i               2    2[BANK0 ] int 
   164 ;; Return value:  Size  Location     Type
   165 ;;                  1    wreg      void 
   166 ;; Registers used:
   167 ;;		wreg, fsr0l, fsr0h, status,2, status,0, btemp+1
   168 ;; Tracked objects:
   169 ;;		On entry : B00/0
   170 ;;		On exit  : 0/0
   171 ;;		Unchanged: 0/0
   172 ;; Data sizes:     COMMON   BANK0
   173 ;;      Params:         0       0
   174 ;;      Locals:         0       2
   175 ;;      Temps:          0       2
   176 ;;      Totals:         0       4
   177 ;;Total ram usage:        4 bytes
   178 ;; This function calls:
   179 ;;		Nothing
   180 ;; This function is called by:
   181 ;;		Startup code after reset
   182 ;; This function uses a non-reentrant model
   183 ;;
   184                           
   185     03C0                     _main:	
   186                           ;psect for function _main
   187                           
   188     03C0                     l578:	
   189                           ;incstack = 0
   190                           ; Regs used in _main: [wreg-fsr0h+status,2+status,0+btemp+1]
   191                           
   192     03C0  1683               	bsf	3,5	;RP0=1, select bank1
   193     03C1  0185               	clrf	5	;volatile
   194     03C2  0186               	clrf	6	;volatile
   195     03C3                     l15:
   196     03C3  1283               	bcf	3,5	;RP0=0, select bank0
   197     03C4  0196               	clrf	main@i
   198     03C5  0197               	clrf	main@i+1
   199     03C6                     l584:
   200     03C6  1283               	bcf	3,5	;RP0=0, select bank0
   201     03C7  0816               	movf	main@i,w
   202     03C8  0094               	movwf	??_main
   203     03C9  0714               	addwf	??_main,w
   204     03CA  3E0C               	addlw	(low (_digits| 0))& (0+255)
   205     03CB  0084               	movwf	4
   206     03CC  1383               	bcf	3,7	;select IRP bank0
   207     03CD  0800               	movf	0,w
   208     03CE  0086               	movwf	6	;volatile
   209     03CF                     l586:
   210     03CF  3082               	movlw	130
   211     03D0  0095               	movwf	??_main+1
   212     03D1  30DD               	movlw	221
   213     03D2  0094               	movwf	??_main
   214     03D3                     u37:
   215     03D3  0B94               	decfsz	??_main,f
   216     03D4  2BD3               	goto	u37
   217     03D5  0B95               	decfsz	??_main+1,f
   218     03D6  2BD3               	goto	u37
   219     03D7  2BD8               	nop2
   220     03D8                     l588:
   221     03D8  3001               	movlw	1
   222     03D9  1283               	bcf	3,5	;RP0=0, select bank0
   223     03DA  0796               	addwf	main@i,f
   224     03DB  1803               	skipnc
   225     03DC  0A97               	incf	main@i+1,f
   226     03DD  3000               	movlw	0
   227     03DE  0797               	addwf	main@i+1,f
   228     03DF                     l590:
   229     03DF  0817               	movf	main@i+1,w
   230     03E0  3A80               	xorlw	128
   231     03E1  00CF               	movwf	btemp+1
   232     03E2  3080               	movlw	128
   233     03E3  024F               	subwf	btemp+1,w
   234     03E4  1D03               	skipz
   235     03E5  2BE8               	goto	u25
   236     03E6  3005               	movlw	5
   237     03E7  0216               	subwf	main@i,w
   238     03E8                     u25:
   239     03E8  1C03               	skipc
   240     03E9  2BEB               	goto	u21
   241     03EA  2BEC               	goto	u20
   242     03EB                     u21:
   243     03EB  2BC6               	goto	l584
   244     03EC                     u20:
   245     03EC  2BC3               	goto	l15
   246     03ED  2800               	ljmp	start
   247     03EE                     __end_of_main:
   248     0000                     ___latbits      equ	0
   249     004E                     btemp           set	78	;btemp
   250     004E                     wtemp0          set	78
   251                           
   252                           	psect	config
   253                           
   254                           ;Config register CONFIG @ 0x2007
   255                           ;	Oscillator Selection bits
   256                           ;	FOSC = XT, XT oscillator
   257                           ;	Watchdog Timer
   258                           ;	WDTE = OFF, WDT disabled
   259                           ;	Power-up Timer Enable bit
   260                           ;	PWRTE = OFF, Power-up Timer is disabled
   261                           ;	Code Protection bit
   262                           ;	CP = OFF, Code protection disabled
   263     2007                     	org	8199
   264     2007  3FF9               	dw	16377

Data Sizes:
    Strings     0
    Constant    0
    Data        8
    BSS         0
    Persistent  0
    Stack       0

Auto Spaces:
    Space          Size  Autos    Used
    COMMON            0      0       0
    BANK0            66      4      12

Pointer List with Targets:

    None.

Critical Paths under _main in COMMON

    None.

Critical Paths under _main in BANK0

    None.

Call Graph Tables:

 ---------------------------------------------------------------------------------
 (Depth) Function   	        Calls       Base Space   Used Autos Params    Refs
 ---------------------------------------------------------------------------------
 (0) _main                                                 4     4      0      68
                                              0 BANK0      4     4      0
 ---------------------------------------------------------------------------------
 Estimated maximum stack depth 0
 ---------------------------------------------------------------------------------

 Call Graph Graphs:

 _main (ROOT)

Address spaces:
Name               Size   Autos  Total    Usage
BANK0               66      4      12     18.2%
BITBANK0            66      0       0      0.0%
COMMON               0      0       0      0.0%
BITCOMMON            0      0       0      0.0%
DATA                 0      0      12      0.0%
STACK                0      0       0      0.0%


Microchip Technology PIC Macro Assembler V3.00 build 20241204225717 
Symbol Table                                                                                   Thu Dec 25 22:48:42 2025

                     l15 03C3                       u20 03EC                       u21 03EB  
                     u25 03E8                       u37 03D3                      l590 03DF  
                    l584 03C6                      l586 03CF                      l578 03C0  
                    l588 03D8                      fsr0 0004                      indf 0000  
                   _main 03C0                     btemp 004E                     start 0000  
                  ?_main 0014                    _PORTB 0006                    _TRISA 0085  
                  _TRISB 0086                    main@i 0016                    status 0003  
                  wtemp0 004E          __initialization 03EE             __end_of_main 03EE  
                 ??_main 0014                   _digits 000C  __end_of__initialization 03FE  
           __pidataBANK0 03B8               __pmaintext 03C0     end_of_initialization 03FE  
    start_initialization 03EE              __pdataBANK0 000C                ___latbits 0000  
          __pcstackBANK0 0014  
