

Microchip MPLAB XC8 Assembler V3.00 build 20241204225717 
                                                                                                           Thu Dec 25 22:48:42 2025


     1                           	processor	16F84A
     2                           	pagewidth 132
     3                           	psect	code,global,class=CODE,space=0,delta=2
     4                           	psect	powerup,global,class=CODE,space=0,delta=2
     5                           	psect	reset_vec,global,class=CODE,space=0,delta=2
     6                           	psect	maintext,global,class=CODE,space=0,delta=2
     7                           	psect	eeprom_data,global,class=EEDATA,space=3,delta=2,noexec
     8                           	psect	intentry,global,class=CODE,space=0,delta=2
     9                           	psect	sivt,global,class=CODE,space=0,delta=2
    10                           	psect	functab,global,class=ENTRY,space=0,delta=2
    11                           	psect	init,global,class=CODE,space=0,delta=2
    12                           	psect	cinit,global,class=CODE,space=0,delta=2
    13                           	psect	text,global,class=CODE,space=0,delta=2
    14                           	psect	end_init,global,class=CODE,space=0,delta=2
    15                           	psect	clrtext,global,class=CODE,space=0,delta=2
    16                           	psect	strings,global,reloc=256,class=CODE,space=0,delta=2
    17                           	psect	stack,global,class=STACK,space=2,delta=1,noexec
    18                           	psect	heap,global,class=HEAP,space=7,delta=1,noexec
    19                           	psect	bank0,global,class=BANK0,space=1,delta=1
    20                           	psect	bank1,global,class=BANK1,space=1,delta=1
    21                           	psect	ram,global,class=RAM,space=1,delta=1
    22                           	psect	abs1,global,class=ABS1,space=1,delta=1
    23                           	psect	common,global,class=COMMON,space=1,delta=1
    24                           	psect	sfr0,global,class=SFR0,space=1,delta=1
    25                           	psect	sfr1,global,class=SFR1,space=1,delta=1
    26                           
    27                           	psect	reset_vec
    28     0000                     reset_vec:
    29                           
    30                           	psect	maintext
    31                           
    32                           ; Microchip MPLAB XC8 C Compiler V3.00
    33                           ; Copyright (C) 2024 Microchip Technology Inc.
    34                           ; Auto-generated runtime startup code for final link stage.
    35                           ;
    36                           ; Compiler options:
    37                           ;
    38                           ; -q --opt=none --chip=16f84a \
    39                           ; -Mdist/default/debug/2x7_segment_display.X.debug.map -D__DEBUG=1 \
    40                           ; --debugger=none -DXPRJ_default=default -L--defsym=__MPLAB_BUILD=1 \
    41                           ; --dfp=C:/Program Files/Microchip/MPLABX/v6.25/packs/Microchip/PIC16Fxxx_DFP/1.6.156/xc8 \
    42                           ; --opt=+asmfile --addrqual=ignore -P --warn=-3 --asmlist --std=c99 \
    43                           ; --output=+elf:multilocs --stack=compiled:auto:auto --summary=+xml \
    44                           ; --summarydir=dist/default/debug/memoryfile.xml \
    45                           ; -o2x7_segment_display.X.debug.elf --objdir=dist/default/debug \
    46                           ; --outdir=dist/default/debug build/default/debug/7segmentdisplay.p1 \
    47                           ; -L--fixupoverflow=error --callgraph=none \
    48                           ; --errformat=%f:%l:%c: error: (%n) %s \
    49                           ; --warnformat=%f:%l:%c: warning: (%n) %s \
    50                           ; --msgformat=%f:%l:%c: advisory: (%n) %s
    51                           ;
    52     0000                     C               set	0
    53     0002                     Z               set	2
    54     0002                     PCL             set	2
    55     0000                     INDF            set	0
    56     0003                     STATUS          equ	3
    57     000A                     PCLATH          equ	10
    58                           
    59                           	psect	functab
    60     0000                     intlevel0:
    61     0000                     intlevel1:
    62     0000                     intlevel2:
    63     0000                     intlevel3:
    64     0000                     intlevel4:
    65     0000                     intlevel5:
    66                           
    67                           	psect	init
    68     0000                     start:
    69                           
    70                           	psect	end_init
    71     0000  2BEE               	ljmp	start_initialization	;jump to C runtime clear & initialization
    72                           
    73                           	psect	clrtext
    74     0004                     FSR             set	4
    75                           
    76                           	psect	strings
    77     0000                     ___stacklo      equ	0
    78     0000                     ___stackhi      equ	0
    79                           
    80                           	psect	stack
    81     0000                     ___sp:
    82     0000                     ___int_sp:
    83     0000                     ___stack_lo:
    84     0000                     ___stack_hi:
    85     0000                     ___int_stack_lo:
    86     0000                     ___int_stack_hi:
    87                           
    88                           	psect	heap
    89                           
    90                           ; No powerup routine
    91                           ; No interrupt routine(s)
    92                           ; No heap to be allocated
    93     0000                     ___heap_lo      equ	0
    94     0000                     ___heap_hi      equ	0


Microchip Technology PIC Macro Assembler V3.00 build 20241204225717 
Symbol Table                                                                                               Thu Dec 25 22:48:42 2025

               ___sp 0000                 _main 03C0                 start 0000           ___stack_hi 0000  
         ___stack_lo 0000       ___int_stack_hi 0000       ___int_stack_lo 0000  start_initialization 03EE  
          ___heap_hi 0000            ___heap_lo 0000            ___stackhi 0000            ___stacklo 0000  
           ___int_sp 0000             intlevel0 0000             intlevel1 0000             intlevel2 0000  
           intlevel3 0000             intlevel4 0000             intlevel5 0000             reset_vec 0000  
