

Microchip MPLAB XC8 Assembler V3.00 build 20241204225717 
                                                                                               Fri Dec 26 21:01:28 2025

Microchip MPLAB XC8 C Compiler v3.00 (Free license) build 20241204225717 Og1 
     1                           	processor	16F84A
     2                           	pagewidth 120
     3                           	opt	flic
     4                           	psect	idataBANK0,global,class=CODE,space=0,delta=2,noexec
     5                           	psect	nvBANK0,global,class=BANK0,space=1,delta=1,noexec
     6                           	psect	cinit,global,class=CODE,space=0,merge=1,delta=2
     7                           	psect	bssBANK0,global,class=BANK0,space=1,delta=1,noexec
     8                           	psect	dataBANK0,global,class=BANK0,space=1,delta=1,noexec
     9                           	psect	cstackBANK0,global,class=BANK0,space=1,delta=1,noexec
    10                           	psect	maintext,global,class=CODE,space=0,split=1,delta=2
    11                           	psect	config,global,abs,ovrld,class=CONFIG,space=4,delta=2,noexec
    12                           	dabs	1,0x4E,2
    13     0000                     
    14                           ; Generated 12/10/2023 GMT
    15                           ; 
    16                           ; Copyright © 2023, Microchip Technology Inc. and its subsidiaries ("Microchip")
    17                           ; All rights reserved.
    18                           ; 
    19                           ; This software is developed by Microchip Technology Inc. and its subsidiaries ("Microch
      +                          ip").
    20                           ; 
    21                           ; Redistribution and use in source and binary forms, with or without modification, are
    22                           ; permitted provided that the following conditions are met:
    23                           ; 
    24                           ;     1. Redistributions of source code must retain the above copyright notice, this lis
      +                          t of
    25                           ;        conditions and the following disclaimer.
    26                           ; 
    27                           ;     2. Redistributions in binary form must reproduce the above copyright notice, this 
      +                          list
    28                           ;        of conditions and the following disclaimer in the documentation and/or other
    29                           ;        materials provided with the distribution. Publication is not required when
    30                           ;        this file is used in an embedded application.
    31                           ; 
    32                           ;     3. Microchip's name may not be used to endorse or promote products derived from th
      +                          is
    33                           ;        software without specific prior written permission.
    34                           ; 
    35                           ; THIS SOFTWARE IS PROVIDED BY MICROCHIP "AS IS" AND ANY EXPRESS OR IMPLIED WARRANTIES,
    36                           ; INCLUDING, BUT NOT LIMITED TO, THE IMPLIED WARRANTIES OF MERCHANTABILITY AND FITNESS F
      +                          OR
    37                           ; PURPOSE ARE DISCLAIMED.  IN NO EVENT SHALL MICROCHIP BE LIABLE FOR ANY DIRECT, INDIREC
      +                          T,
    38                           ; INCIDENTAL, SPECIAL, EXEMPLARY, OR CONSEQUENTIAL DAMAGES (INCLUDING BUT NOT LIMITED TO
    39                           ; PROCUREMENT OF SUBSTITUTE GOODS OR SERVICES; LOSS OF USE, DATA OR PROFITS; OR BUSINESS
    40                           ; INTERRUPTION) HOWSOEVER CAUSED AND ON ANY THEORY OF LIABILITY, WHETHER IN CONTRACT, ST
      +                          RICT
    41                           ; LIABILITY, OR TORT (INCLUDING NEGLIGENCE OR OTHERWISE) ARISING IN ANY WAY OUT OF THE U
      +                          SE OF
    42                           ; THIS SOFTWARE, EVEN IF ADVISED OF THE POSSIBILITY OF SUCH DAMAGE.
    43                           ; 
    44                           ; 
    45                           ; Code-generator required, PIC16F84A Definitions
    46                           ; 
    47                           ; SFR Addresses
    48     0004                     fsr             equ	4
    49     0004                     fsr0            equ	4
    50     0000                     indf            equ	0
    51     0000                     indf0           equ	0
    52     0002                     pc              equ	2
    53     0002                     pcl             equ	2
    54     000A                     pclath          equ	10
    55     0003                     status          equ	3
    56     0000                     INDF            equ	0	;# 
    57     0001                     TMR0            equ	1	;# 
    58     0002                     PCL             equ	2	;# 
    59     0003                     STATUS          equ	3	;# 
    60     0004                     FSR             equ	4	;# 
    61     0005                     PORTA           equ	5	;# 
    62     0006                     PORTB           equ	6	;# 
    63     0008                     EEDATA          equ	8	;# 
    64     0009                     EEADR           equ	9	;# 
    65     000A                     PCLATH          equ	10	;# 
    66     000B                     INTCON          equ	11	;# 
    67     0081                     OPTION_REG      equ	129	;# 
    68     0085                     TRISA           equ	133	;# 
    69     0086                     TRISB           equ	134	;# 
    70     0088                     EECON1          equ	136	;# 
    71     0089                     EECON2          equ	137	;# 
    72     0000                     INDF            equ	0	;# 
    73     0001                     TMR0            equ	1	;# 
    74     0002                     PCL             equ	2	;# 
    75     0003                     STATUS          equ	3	;# 
    76     0004                     FSR             equ	4	;# 
    77     0005                     PORTA           equ	5	;# 
    78     0006                     PORTB           equ	6	;# 
    79     0008                     EEDATA          equ	8	;# 
    80     0009                     EEADR           equ	9	;# 
    81     000A                     PCLATH          equ	10	;# 
    82     000B                     INTCON          equ	11	;# 
    83     0081                     OPTION_REG      equ	129	;# 
    84     0085                     TRISA           equ	133	;# 
    85     0086                     TRISB           equ	134	;# 
    86     0088                     EECON1          equ	136	;# 
    87     0089                     EECON2          equ	137	;# 
    88                           
    89                           	psect	idataBANK0
    90     0370                     __pidataBANK0:
    91                           
    92                           ;initializer for _digits
    93     0370  343F               	retlw	63
    94     0371  3406               	retlw	6
    95     0372  345B               	retlw	91
    96     0373  344F               	retlw	79
    97     0374  3466               	retlw	102
    98     0375  346D               	retlw	109
    99     0376  347D               	retlw	125
   100     0377  3407               	retlw	7
   101     0378  347F               	retlw	127
   102     0379  346F               	retlw	111
   103                           
   104                           	psect	nvBANK0
   105     001A                     __pnvBANK0:
   106     001A                     _i:
   107     001A                     	ds	2
   108     0006                     _PORTB          set	6
   109     0029                     _RA1            set	41
   110     0028                     _RA0            set	40
   111     0086                     _TRISB          set	134
   112     0085                     _TRISA          set	133
   113                           
   114                           	psect	cinit
   115     03E8                     start_initialization:	
   116                           ; #config settings
   117                           
   118     03E8                     __initialization:
   119                           
   120                           ; Initialize objects allocated to BANK0
   121     03E8  2370               	fcall	__pidataBANK0	;fetch initializer
   122     03E9  008C               	movwf	__pdataBANK0& (0+127)
   123     03EA  2371               	fcall	__pidataBANK0+1	;fetch initializer
   124     03EB  008D               	movwf	(__pdataBANK0+1)& (0+127)
   125     03EC  2372               	fcall	__pidataBANK0+2	;fetch initializer
   126     03ED  008E               	movwf	(__pdataBANK0+2)& (0+127)
   127     03EE  2373               	fcall	__pidataBANK0+3	;fetch initializer
   128     03EF  008F               	movwf	(__pdataBANK0+3)& (0+127)
   129     03F0  2374               	fcall	__pidataBANK0+4	;fetch initializer
   130     03F1  0090               	movwf	(__pdataBANK0+4)& (0+127)
   131     03F2  2375               	fcall	__pidataBANK0+5	;fetch initializer
   132     03F3  0091               	movwf	(__pdataBANK0+5)& (0+127)
   133     03F4  2376               	fcall	__pidataBANK0+6	;fetch initializer
   134     03F5  0092               	movwf	(__pdataBANK0+6)& (0+127)
   135     03F6  2377               	fcall	__pidataBANK0+7	;fetch initializer
   136     03F7  0093               	movwf	(__pdataBANK0+7)& (0+127)
   137     03F8  2378               	fcall	__pidataBANK0+8	;fetch initializer
   138     03F9  0094               	movwf	(__pdataBANK0+8)& (0+127)
   139     03FA  2379               	fcall	__pidataBANK0+9	;fetch initializer
   140     03FB  0095               	movwf	(__pdataBANK0+9)& (0+127)
   141                           
   142                           ; Clear objects allocated to BANK0
   143     03FC  019C               	clrf	__pbssBANK0& (0+127)
   144     03FD  019D               	clrf	(__pbssBANK0+1)& (0+127)
   145     03FE                     end_of_initialization:	
   146                           ;End of C runtime variable initialization code
   147                           
   148     03FE                     __end_of__initialization:
   149     03FE  0183               	clrf	3
   150     03FF  2B7A               	ljmp	_main	;jump to C main() function
   151                           
   152                           	psect	bssBANK0
   153     001C                     __pbssBANK0:
   154     001C                     _j:
   155     001C                     	ds	2
   156                           
   157                           	psect	dataBANK0
   158     000C                     __pdataBANK0:
   159     000C                     _digits:
   160     000C                     	ds	10
   161                           
   162                           	psect	cstackBANK0
   163     0016                     __pcstackBANK0:
   164     0016                     ?_main:
   165     0016                     ??_main:	
   166                           ; 1 bytes @ 0x0
   167                           
   168                           
   169                           ; 1 bytes @ 0x0
   170     0016                     	ds	2
   171     0018                     main@k:
   172                           
   173                           ; 2 bytes @ 0x2
   174     0018                     	ds	2
   175                           
   176                           	psect	maintext
   177     037A                     __pmaintext:	
   178 ;;
   179 ;;Main: autosize = 0, tempsize = 2, incstack = 0, save=0
   180 ;;
   181 ;; *************** function _main *****************
   182 ;; Defined at:
   183 ;;		line 26 in file "7segmentdisplay.c"
   184 ;; Parameters:    Size  Location     Type
   185 ;;		None
   186 ;; Auto vars:     Size  Location     Type
   187 ;;  k               2    2[BANK0 ] int 
   188 ;; Return value:  Size  Location     Type
   189 ;;                  1    wreg      void 
   190 ;; Registers used:
   191 ;;		wreg, fsr0l, fsr0h, status,2, status,0, btemp+1
   192 ;; Tracked objects:
   193 ;;		On entry : B00/0
   194 ;;		On exit  : 0/0
   195 ;;		Unchanged: 0/0
   196 ;; Data sizes:     COMMON   BANK0
   197 ;;      Params:         0       0
   198 ;;      Locals:         0       2
   199 ;;      Temps:          0       2
   200 ;;      Totals:         0       4
   201 ;;Total ram usage:        4 bytes
   202 ;; This function calls:
   203 ;;		Nothing
   204 ;; This function is called by:
   205 ;;		Startup code after reset
   206 ;; This function uses a non-reentrant model
   207 ;;
   208                           
   209     037A                     _main:	
   210                           ;psect for function _main
   211                           
   212     037A                     l614:	
   213                           ;incstack = 0
   214                           ; Regs used in _main: [wreg-fsr0h+status,2+status,0+btemp+1]
   215                           
   216     037A  1683               	bsf	3,5	;RP0=1, select bank1
   217     037B  0185               	clrf	5	;volatile
   218     037C  0186               	clrf	6	;volatile
   219     037D                     l23:
   220     037D  1283               	bcf	3,5	;RP0=0, select bank0
   221     037E  019A               	clrf	_i
   222     037F  019B               	clrf	_i+1
   223     0380                     l620:
   224     0380  1283               	bcf	3,5	;RP0=0, select bank0
   225     0381  019C               	clrf	_j
   226     0382  019D               	clrf	_j+1
   227     0383                     l626:
   228     0383  1283               	bcf	3,5	;RP0=0, select bank0
   229     0384  0198               	clrf	main@k
   230     0385  0199               	clrf	main@k+1
   231     0386                     l28:
   232     0386  1283               	bcf	3,5	;RP0=0, select bank0
   233     0387  1405               	bsf	5,0	;volatile
   234     0388  1085               	bcf	5,1	;volatile
   235     0389                     l632:
   236     0389  081C               	movf	_j,w
   237     038A  3E0C               	addlw	(low (_digits| 0))& (0+255)
   238     038B  0084               	movwf	4
   239     038C  1383               	bcf	3,7	;select IRP bank0
   240     038D  0800               	movf	0,w
   241     038E  0086               	movwf	6	;volatile
   242     038F                     l634:
   243     038F  300D               	movlw	13
   244     0390  0097               	movwf	??_main+1
   245     0391  30FB               	movlw	251
   246     0392  0096               	movwf	??_main
   247     0393                     u77:
   248     0393  0B96               	decfsz	??_main,f
   249     0394  2B93               	goto	u77
   250     0395  0B97               	decfsz	??_main+1,f
   251     0396  2B93               	goto	u77
   252     0397  2B98               	nop2
   253     0398                     l636:
   254     0398  1283               	bcf	3,5	;RP0=0, select bank0
   255     0399  1005               	bcf	5,0	;volatile
   256     039A                     l638:
   257     039A  1485               	bsf	5,1	;volatile
   258     039B                     l640:
   259     039B  081A               	movf	_i,w
   260     039C  3E0C               	addlw	(low (_digits| 0))& (0+255)
   261     039D  0084               	movwf	4
   262     039E  1383               	bcf	3,7	;select IRP bank0
   263     039F  0800               	movf	0,w
   264     03A0  0086               	movwf	6	;volatile
   265     03A1  300D               	movlw	13
   266     03A2  0097               	movwf	??_main+1
   267     03A3  30FB               	movlw	251
   268     03A4  0096               	movwf	??_main
   269     03A5                     u87:
   270     03A5  0B96               	decfsz	??_main,f
   271     03A6  2BA5               	goto	u87
   272     03A7  0B97               	decfsz	??_main+1,f
   273     03A8  2BA5               	goto	u87
   274     03A9  2BAA               	nop2
   275     03AA  3001               	movlw	1
   276     03AB  1283               	bcf	3,5	;RP0=0, select bank0
   277     03AC  0798               	addwf	main@k,f
   278     03AD  1803               	skipnc
   279     03AE  0A99               	incf	main@k+1,f
   280     03AF  3000               	movlw	0
   281     03B0  0799               	addwf	main@k+1,f
   282     03B1                     l642:
   283     03B1  0819               	movf	main@k+1,w
   284     03B2  3A80               	xorlw	128
   285     03B3  00CF               	movwf	btemp+1
   286     03B4  3080               	movlw	128
   287     03B5  024F               	subwf	btemp+1,w
   288     03B6  1D03               	skipz
   289     03B7  2BBA               	goto	u45
   290     03B8  3001               	movlw	1
   291     03B9  0218               	subwf	main@k,w
   292     03BA                     u45:
   293     03BA  1C03               	skipc
   294     03BB  2BBD               	goto	u41
   295     03BC  2BBE               	goto	u40
   296     03BD                     u41:
   297     03BD  2B86               	goto	l28
   298     03BE                     u40:
   299     03BE                     l644:
   300     03BE  3001               	movlw	1
   301     03BF  1283               	bcf	3,5	;RP0=0, select bank0
   302     03C0  079C               	addwf	_j,f
   303     03C1  1803               	skipnc
   304     03C2  0A9D               	incf	_j+1,f
   305     03C3  3000               	movlw	0
   306     03C4  079D               	addwf	_j+1,f
   307     03C5                     l646:
   308     03C5  081D               	movf	_j+1,w
   309     03C6  3A80               	xorlw	128
   310     03C7  00CF               	movwf	btemp+1
   311     03C8  3080               	movlw	128
   312     03C9  024F               	subwf	btemp+1,w
   313     03CA  1D03               	skipz
   314     03CB  2BCE               	goto	u55
   315     03CC  300A               	movlw	10
   316     03CD  021C               	subwf	_j,w
   317     03CE                     u55:
   318     03CE  1C03               	skipc
   319     03CF  2BD1               	goto	u51
   320     03D0  2BD2               	goto	u50
   321     03D1                     u51:
   322     03D1  2B83               	goto	l626
   323     03D2                     u50:
   324     03D2                     l648:
   325     03D2  3001               	movlw	1
   326     03D3  1283               	bcf	3,5	;RP0=0, select bank0
   327     03D4  079A               	addwf	_i,f
   328     03D5  1803               	skipnc
   329     03D6  0A9B               	incf	_i+1,f
   330     03D7  3000               	movlw	0
   331     03D8  079B               	addwf	_i+1,f
   332     03D9                     l650:
   333     03D9  081B               	movf	_i+1,w
   334     03DA  3A80               	xorlw	128
   335     03DB  00CF               	movwf	btemp+1
   336     03DC  3080               	movlw	128
   337     03DD  024F               	subwf	btemp+1,w
   338     03DE  1D03               	skipz
   339     03DF  2BE2               	goto	u65
   340     03E0  300A               	movlw	10
   341     03E1  021A               	subwf	_i,w
   342     03E2                     u65:
   343     03E2  1C03               	skipc
   344     03E3  2BE5               	goto	u61
   345     03E4  2BE6               	goto	u60
   346     03E5                     u61:
   347     03E5  2B80               	goto	l620
   348     03E6                     u60:
   349     03E6  2B7D               	goto	l23
   350     03E7  2800               	ljmp	start
   351     03E8                     __end_of_main:
   352     0000                     ___latbits      equ	0
   353     004E                     btemp           set	78	;btemp
   354     004E                     wtemp0          set	78
   355                           
   356                           	psect	config
   357                           
   358                           ;Config register CONFIG @ 0x2007
   359                           ;	Oscillator Selection bits
   360                           ;	FOSC = XT, XT oscillator
   361                           ;	Watchdog Timer
   362                           ;	WDTE = OFF, WDT disabled
   363                           ;	Power-up Timer Enable bit
   364                           ;	PWRTE = OFF, Power-up Timer is disabled
   365                           ;	Code Protection bit
   366                           ;	CP = OFF, Code protection disabled
   367     2007                     	org	8199
   368     2007  3FF9               	dw	16377

Data Sizes:
    Strings     0
    Constant    0
    Data        10
    BSS         2
    Persistent  2
    Stack       0

Auto Spaces:
    Space          Size  Autos    Used
    COMMON            0      0       0
    BANK0            66      4      18

Pointer List with Targets:

    None.

Critical Paths under _main in COMMON

    None.

Critical Paths under _main in BANK0

    None.

Call Graph Tables:

 ---------------------------------------------------------------------------------
 (Depth) Function   	        Calls       Base Space   Used Autos Params    Refs
 ---------------------------------------------------------------------------------
 (0) _main                                                 4     4      0      46
                                              0 BANK0      4     4      0
 ---------------------------------------------------------------------------------
 Estimated maximum stack depth 0
 ---------------------------------------------------------------------------------

 Call Graph Graphs:

 _main (ROOT)

Address spaces:
Name               Size   Autos  Total    Usage
BANK0               66      4      18     27.3%
BITBANK0            66      0       0      0.0%
COMMON               0      0       0      0.0%
BITCOMMON            0      0       0      0.0%
DATA                 0      0      18      0.0%
STACK                0      0       0      0.0%


Microchip Technology PIC Macro Assembler V3.00 build 20241204225717 
Symbol Table                                                                                   Fri Dec 26 21:01:28 2025

                      _i 001A                        _j 001C                       l23 037D  
                     l28 0386                       u40 03BE                       u41 03BD  
                     u50 03D2                       u51 03D1                       u60 03E6  
                     u61 03E5                       u45 03BA                       u55 03CE  
                     u65 03E2                       u77 0393                       u87 03A5  
                    l620 0380                      l614 037A                      l640 039B  
                    l632 0389                      l650 03D9                      l642 03B1  
                    l634 038F                      l626 0383                      l644 03BE  
                    l636 0398                      l646 03C5                      l638 039A  
                    l648 03D2                      _RA0 0028                      _RA1 0029  
                    fsr0 0004                      indf 0000                     _main 037A  
                   btemp 004E                     start 0000                    ?_main 0016  
                  _PORTB 0006                    _TRISA 0085                    _TRISB 0086  
                  main@k 0018                    status 0003                    wtemp0 004E  
        __initialization 03E8             __end_of_main 03E8                   ??_main 0016  
                 _digits 000C  __end_of__initialization 03FE             __pidataBANK0 0370  
             __pbssBANK0 001C               __pmaintext 037A     end_of_initialization 03FE  
    start_initialization 03E8              __pdataBANK0 000C                ___latbits 0000  
          __pcstackBANK0 0016                __pnvBANK0 001A  
