

Microchip MPLAB XC8 Assembler V3.00 build 20241204225717 
                                                                                                           Fri Dec 26 21:01:30 2025


     1                           	processor	16F84A
     2                           	pagewidth 132
     3                           	psect	code,global,class=CODE,space=0,delta=2
     4                           	psect	powerup,global,class=CODE,space=0,delta=2
     5                           	psect	reset_vec,global,class=CODE,space=0,delta=2
     6                           	psect	maintext,global,class=CODE,space=0,delta=2
     7                           	psect	eeprom_data,global,class=EEDATA,space=3,delta=2,noexec
     8                           	psect	intentry,global,class=CODE,space=0,delta=2
     9                           	psect	sivt,global,class=CODE,space=0,delta=2
    10                           	psect	functab,global,class=ENTRY,space=0,delta=2
    11                           	psect	init,global,class=CODE,space=0,delta=2
    12                           	psect	cinit,global,class=CODE,space=0,delta=2
    13                           	psect	text,global,class=CODE,space=0,delta=2
    14                           	psect	end_init,global,class=CODE,space=0,delta=2
    15                           	psect	clrtext,global,class=CODE,space=0,delta=2
    16                           	psect	strings,global,reloc=256,class=CODE,space=0,delta=2
    17                           	psect	stack,global,class=STACK,space=2,delta=1,noexec
    18                           	psect	heap,global,class=HEAP,space=7,delta=1,noexec
    19                           	psect	bank0,global,class=BANK0,space=1,delta=1
    20                           	psect	bank1,global,class=BANK1,space=1,delta=1
    21                           	psect	ram,global,class=RAM,space=1,delta=1
    22                           	psect	abs1,global,class=ABS1,space=1,delta=1
    23                           	psect	common,global,class=COMMON,space=1,delta=1
    24                           	psect	sfr0,global,class=SFR0,space=1,delta=1
    25                           	psect	sfr1,global,class=SFR1,space=1,delta=1
    26                           
    27                           	psect	reset_vec
    28     0000                     reset_vec:
    29                           
    30                           	psect	maintext
    31                           
    32                           ; Microchip MPLAB XC8 C Compiler V3.00
    33                           ; Copyright (C) 2024 Microchip Technology Inc.
    34                           ; Auto-generated runtime startup code for final link stage.
    35                           ;
    36                           ; Compiler options:
    37                           ;
    38                           ; -q --opt=none --chip=16f84a \
    39                           ; -Mdist/production/debug/2x7_segment_display.X.debug.map -D__DEBUG=1 \
    40                           ; --debugger=none -DXPRJ_production=production \
    41                           ; -L--defsym=__MPLAB_BUILD=1 \
    42                           ; --dfp=C:/Program Files/Microchip/MPLABX/v6.25/packs/Microchip/PIC16Fxxx_DFP/1.6.156/xc8 \
    43                           ; --opt=+asmfile --addrqual=ignore -P --warn=-3 --asmlist --std=c99 \
    44                           ; --output=+elf:multilocs --stack=compiled:auto:auto --summary=+xml \
    45                           ; --summarydir=dist/production/debug/memoryfile.xml \
    46                           ; -o2x7_segment_display.X.debug.elf --objdir=dist/production/debug \
    47                           ; --outdir=dist/production/debug \
    48                           ; build/production/debug/7segmentdisplay.p1 -L--fixupoverflow=error \
    49                           ; --callgraph=none --errformat=%f:%l:%c: error: (%n) %s \
    50                           ; --warnformat=%f:%l:%c: warning: (%n) %s \
    51                           ; --msgformat=%f:%l:%c: advisory: (%n) %s
    52                           ;
    53     0000                     C               set	0
    54     0002                     Z               set	2
    55     0002                     PCL             set	2
    56     0000                     INDF            set	0
    57     0003                     STATUS          equ	3
    58     000A                     PCLATH          equ	10
    59                           
    60                           	psect	functab
    61     0000                     intlevel0:
    62     0000                     intlevel1:
    63     0000                     intlevel2:
    64     0000                     intlevel3:
    65     0000                     intlevel4:
    66     0000                     intlevel5:
    67                           
    68                           	psect	init
    69     0000                     start:
    70                           
    71                           	psect	end_init
    72     0000  2BE8               	ljmp	start_initialization	;jump to C runtime clear & initialization
    73                           
    74                           	psect	clrtext
    75     0004                     FSR             set	4
    76                           
    77                           	psect	strings
    78     0000                     ___stacklo      equ	0
    79     0000                     ___stackhi      equ	0
    80                           
    81                           	psect	stack
    82     0000                     ___sp:
    83     0000                     ___int_sp:
    84     0000                     ___stack_lo:
    85     0000                     ___stack_hi:
    86     0000                     ___int_stack_lo:
    87     0000                     ___int_stack_hi:
    88                           
    89                           	psect	heap
    90                           
    91                           ; No powerup routine
    92                           ; No interrupt routine(s)
    93                           ; No heap to be allocated
    94     0000                     ___heap_lo      equ	0
    95     0000                     ___heap_hi      equ	0


Microchip Technology PIC Macro Assembler V3.00 build 20241204225717 
Symbol Table                                                                                               Fri Dec 26 21:01:30 2025

               ___sp 0000                 _main 037A                 start 0000           ___stack_hi 0000  
         ___stack_lo 0000       ___int_stack_hi 0000       ___int_stack_lo 0000  start_initialization 03E8  
          ___heap_hi 0000            ___heap_lo 0000            ___stackhi 0000            ___stacklo 0000  
           ___int_sp 0000             intlevel0 0000             intlevel1 0000             intlevel2 0000  
           intlevel3 0000             intlevel4 0000             intlevel5 0000             reset_vec 0000  
